
=== Sun Jan 25 17:55:31 2026

Packages were changed.
Update Mode: mergeDefaultDependencies

The following packages were 追加済み:
  com.unity.modules.adaptiveperformance@1.0.0
  com.unity.modules.ai@1.0.0
  com.unity.modules.androidjni@1.0.0
  com.unity.modules.animation@1.0.0
  com.unity.modules.assetbundle@1.0.0
  com.unity.modules.audio@1.0.0
  com.unity.modules.cloth@1.0.0
  com.unity.modules.director@1.0.0
  com.unity.modules.imageconversion@1.0.0
  com.unity.modules.imgui@1.0.0
  com.unity.modules.jsonserialize@1.0.0
  com.unity.modules.particlesystem@1.0.0
  com.unity.modules.physics@1.0.0
  com.unity.modules.physics2d@1.0.0
  com.unity.modules.screencapture@1.0.0
  com.unity.modules.terrain@1.0.0
  com.unity.modules.terrainphysics@1.0.0
  com.unity.modules.tilemap@1.0.0
  com.unity.modules.ui@1.0.0
  com.unity.modules.uielements@1.0.0
  com.unity.modules.umbra@1.0.0
  com.unity.modules.unityanalytics@1.0.0
  com.unity.modules.unitywebrequest@1.0.0
  com.unity.modules.unitywebrequestassetbundle@1.0.0
  com.unity.modules.unitywebrequestaudio@1.0.0
  com.unity.modules.unitywebrequesttexture@1.0.0
  com.unity.modules.unitywebrequestwww@1.0.0
  com.unity.modules.vectorgraphics@1.0.0
  com.unity.modules.vehicles@1.0.0
  com.unity.modules.video@1.0.0
  com.unity.modules.vr@1.0.0
  com.unity.modules.wind@1.0.0
  com.unity.modules.xr@1.0.0
  com.unity.modules.accessibility@1.0.0
  com.unity.multiplayer.center@1.0.1
The following packages were 更新済み:
  com.unity.collab-proxy をバージョン 2.6.0 から 2.10.2 へ
  com.unity.2d.animation をバージョン 10.1.4 から 13.0.2 へ
  com.unity.2d.psdimporter をバージョン 10.0.0 から 12.0.1 へ
  com.unity.2d.spriteshape をバージョン 10.0.7 から 13.0.0 へ
  com.unity.2d.tilemap.extras をバージョン 4.2.1 から 6.0.1 へ
  com.unity.2d.aseprite をバージョン 1.2.1 から 3.0.1 へ
  com.unity.ide.rider をバージョン 3.0.34 から 3.0.38 へ
  com.unity.ide.visualstudio をバージョン 2.0.22 から 2.0.25 へ
  com.unity.inputsystem をバージョン 1.12.0 から 1.17.0 へ
  com.unity.render-pipelines.universal をバージョン 17.0.3 から 17.3.0 へ
  com.unity.test-framework をバージョン 1.4.5 から 1.6.0 へ
  com.unity.timeline をバージョン 1.8.7 から 1.8.9 へ
  com.unity.visualscripting をバージョン 1.9.5 から 1.9.9 へ
